2022-11-24 21:33:39 [scrapy.utils.log] INFO: Scrapy 2.6.3 started (bot: scrapy_post_104)
2022-11-24 21:33:39 [scrapy.utils.log] INFO: Versions: lxml 4.9.1.0, libxml2 2.9.12, cssselect 1.1.0, parsel 1.6.0, w3lib 2.0.1, Twisted 20.3.0, Python 3.6.6rc1 (v3.6.6rc1:1015e38be4, Jun 12 2018, 08:38:06) [MSC v.1900 64 bit (AMD64)], pyOpenSSL 22.1.0 (OpenSSL 3.0.7 1 Nov 2022), cryptography 38.0.3, Platform Windows-10-10.0.19041-SP0
2022-11-24 21:33:39 [scrapy.crawler] INFO: Overridden settings:
{'BOT_NAME': 'scrapy_post_104',
 'LOG_FILE': 'logdemo.log',
 'NEWSPIDER_MODULE': 'scrapy_post_104.spiders',
 'SPIDER_MODULES': ['scrapy_post_104.spiders']}
2022-11-24 21:33:39 [scrapy.utils.log] DEBUG: Using reactor: twisted.internet.selectreactor.SelectReactor
2022-11-24 21:33:39 [scrapy.extensions.telnet] INFO: Telnet Password: 534ab2e43eb0763a
2022-11-24 21:33:39 [scrapy.middleware] INFO: Enabled extensions:
['scrapy.extensions.corestats.CoreStats',
 'scrapy.extensions.telnet.TelnetConsole',
 'scrapy.extensions.logstats.LogStats']
2022-11-24 21:33:40 [scrapy.middleware] INFO: Enabled downloader middlewares:
['scrapy.downloadermiddlewares.httpauth.HttpAuthMiddleware',
 'scrapy.downloadermiddlewares.downloadtimeout.DownloadTimeoutMiddleware',
 'scrapy.downloadermiddlewares.defaultheaders.DefaultHeadersMiddleware',
 'scrapy.downloadermiddlewares.useragent.UserAgentMiddleware',
 'scrapy.downloadermiddlewares.retry.RetryMiddleware',
 'scrapy.downloadermiddlewares.redirect.MetaRefreshMiddleware',
 'scrapy.downloadermiddlewares.httpcompression.HttpCompressionMiddleware',
 'scrapy.downloadermiddlewares.redirect.RedirectMiddleware',
 'scrapy.downloadermiddlewares.cookies.CookiesMiddleware',
 'scrapy.downloadermiddlewares.httpproxy.HttpProxyMiddleware',
 'scrapy.downloadermiddlewares.stats.DownloaderStats']
2022-11-24 21:33:40 [scrapy.middleware] INFO: Enabled spider middlewares:
['scrapy.spidermiddlewares.httperror.HttpErrorMiddleware',
 'scrapy.spidermiddlewares.offsite.OffsiteMiddleware',
 'scrapy.spidermiddlewares.referer.RefererMiddleware',
 'scrapy.spidermiddlewares.urllength.UrlLengthMiddleware',
 'scrapy.spidermiddlewares.depth.DepthMiddleware']
2022-11-24 21:33:40 [scrapy.middleware] INFO: Enabled item pipelines:
[]
2022-11-24 21:33:40 [scrapy.core.engine] INFO: Spider opened
2022-11-24 21:33:40 [scrapy.extensions.logstats] INFO: Crawled 0 pages (at 0 pages/min), scraped 0 items (at 0 items/min)
2022-11-24 21:33:40 [scrapy.extensions.telnet] INFO: Telnet console listening on 127.0.0.1:6024
2022-11-24 21:33:40 [filelock] DEBUG: Attempting to acquire lock 2051717785584 on f:\software\python3.6\lib\site-packages\tldextract\.suffix_cache/publicsuffix.org-tlds\de84b5ca2167d4c83e38fb162f2e8738.tldextract.json.lock
2022-11-24 21:33:40 [filelock] DEBUG: Lock 2051717785584 acquired on f:\software\python3.6\lib\site-packages\tldextract\.suffix_cache/publicsuffix.org-tlds\de84b5ca2167d4c83e38fb162f2e8738.tldextract.json.lock
2022-11-24 21:33:40 [filelock] DEBUG: Attempting to acquire lock 2051717784632 on f:\software\python3.6\lib\site-packages\tldextract\.suffix_cache/urls\62bf135d1c2f3d4db4228b9ecaf507a2.tldextract.json.lock
2022-11-24 21:33:40 [filelock] DEBUG: Lock 2051717784632 acquired on f:\software\python3.6\lib\site-packages\tldextract\.suffix_cache/urls\62bf135d1c2f3d4db4228b9ecaf507a2.tldextract.json.lock
2022-11-24 21:33:40 [filelock] DEBUG: Attempting to release lock 2051717784632 on f:\software\python3.6\lib\site-packages\tldextract\.suffix_cache/urls\62bf135d1c2f3d4db4228b9ecaf507a2.tldextract.json.lock
2022-11-24 21:33:40 [filelock] DEBUG: Lock 2051717784632 released on f:\software\python3.6\lib\site-packages\tldextract\.suffix_cache/urls\62bf135d1c2f3d4db4228b9ecaf507a2.tldextract.json.lock
2022-11-24 21:33:40 [filelock] DEBUG: Attempting to release lock 2051717785584 on f:\software\python3.6\lib\site-packages\tldextract\.suffix_cache/publicsuffix.org-tlds\de84b5ca2167d4c83e38fb162f2e8738.tldextract.json.lock
2022-11-24 21:33:40 [filelock] DEBUG: Lock 2051717785584 released on f:\software\python3.6\lib\site-packages\tldextract\.suffix_cache/publicsuffix.org-tlds\de84b5ca2167d4c83e38fb162f2e8738.tldextract.json.lock
2022-11-24 21:33:40 [scrapy.core.engine] DEBUG: Crawled (200) <POST https://fanyi.baidu.com/sug> (referer: None)
2022-11-24 21:33:40 [scrapy.core.engine] INFO: Closing spider (finished)
2022-11-24 21:33:40 [scrapy.statscollectors] INFO: Dumping Scrapy stats:
{'downloader/request_bytes': 276,
 'downloader/request_count': 1,
 'downloader/request_method_count/POST': 1,
 'downloader/response_bytes': 807,
 'downloader/response_count': 1,
 'downloader/response_status_count/200': 1,
 'elapsed_time_seconds': 0.311968,
 'finish_reason': 'finished',
 'finish_time': datetime.datetime(2022, 11, 24, 13, 33, 40, 647516),
 'httpcompression/response_bytes': 667,
 'httpcompression/response_count': 1,
 'log_count/DEBUG': 10,
 'log_count/INFO': 10,
 'response_received_count': 1,
 'scheduler/dequeued': 1,
 'scheduler/dequeued/memory': 1,
 'scheduler/enqueued': 1,
 'scheduler/enqueued/memory': 1,
 'start_time': datetime.datetime(2022, 11, 24, 13, 33, 40, 335548)}
2022-11-24 21:33:40 [scrapy.core.engine] INFO: Spider closed (finished)
2022-11-24 21:34:44 [scrapy.utils.log] INFO: Scrapy 2.6.3 started (bot: scrapy_post_104)
2022-11-24 21:34:44 [scrapy.utils.log] INFO: Versions: lxml 4.9.1.0, libxml2 2.9.12, cssselect 1.1.0, parsel 1.6.0, w3lib 2.0.1, Twisted 20.3.0, Python 3.6.6rc1 (v3.6.6rc1:1015e38be4, Jun 12 2018, 08:38:06) [MSC v.1900 64 bit (AMD64)], pyOpenSSL 22.1.0 (OpenSSL 3.0.7 1 Nov 2022), cryptography 38.0.3, Platform Windows-10-10.0.19041-SP0
2022-11-24 21:34:44 [scrapy.crawler] INFO: Overridden settings:
{'BOT_NAME': 'scrapy_post_104',
 'LOG_FILE': 'logdemo.log',
 'NEWSPIDER_MODULE': 'scrapy_post_104.spiders',
 'SPIDER_MODULES': ['scrapy_post_104.spiders']}
2022-11-24 21:34:44 [scrapy.utils.log] DEBUG: Using reactor: twisted.internet.selectreactor.SelectReactor
2022-11-24 21:34:44 [scrapy.extensions.telnet] INFO: Telnet Password: f14b606d815d790c
2022-11-24 21:34:44 [scrapy.middleware] INFO: Enabled extensions:
['scrapy.extensions.corestats.CoreStats',
 'scrapy.extensions.telnet.TelnetConsole',
 'scrapy.extensions.logstats.LogStats']
2022-11-24 21:34:44 [scrapy.middleware] INFO: Enabled downloader middlewares:
['scrapy.downloadermiddlewares.httpauth.HttpAuthMiddleware',
 'scrapy.downloadermiddlewares.downloadtimeout.DownloadTimeoutMiddleware',
 'scrapy.downloadermiddlewares.defaultheaders.DefaultHeadersMiddleware',
 'scrapy.downloadermiddlewares.useragent.UserAgentMiddleware',
 'scrapy.downloadermiddlewares.retry.RetryMiddleware',
 'scrapy.downloadermiddlewares.redirect.MetaRefreshMiddleware',
 'scrapy.downloadermiddlewares.httpcompression.HttpCompressionMiddleware',
 'scrapy.downloadermiddlewares.redirect.RedirectMiddleware',
 'scrapy.downloadermiddlewares.cookies.CookiesMiddleware',
 'scrapy.downloadermiddlewares.httpproxy.HttpProxyMiddleware',
 'scrapy.downloadermiddlewares.stats.DownloaderStats']
2022-11-24 21:34:44 [scrapy.middleware] INFO: Enabled spider middlewares:
['scrapy.spidermiddlewares.httperror.HttpErrorMiddleware',
 'scrapy.spidermiddlewares.offsite.OffsiteMiddleware',
 'scrapy.spidermiddlewares.referer.RefererMiddleware',
 'scrapy.spidermiddlewares.urllength.UrlLengthMiddleware',
 'scrapy.spidermiddlewares.depth.DepthMiddleware']
2022-11-24 21:34:44 [scrapy.middleware] INFO: Enabled item pipelines:
[]
2022-11-24 21:34:44 [scrapy.core.engine] INFO: Spider opened
2022-11-24 21:34:44 [scrapy.extensions.logstats] INFO: Crawled 0 pages (at 0 pages/min), scraped 0 items (at 0 items/min)
2022-11-24 21:34:44 [scrapy.extensions.telnet] INFO: Telnet console listening on 127.0.0.1:6024
2022-11-24 21:34:44 [filelock] DEBUG: Attempting to acquire lock 2160386435112 on f:\software\python3.6\lib\site-packages\tldextract\.suffix_cache/publicsuffix.org-tlds\de84b5ca2167d4c83e38fb162f2e8738.tldextract.json.lock
2022-11-24 21:34:44 [filelock] DEBUG: Lock 2160386435112 acquired on f:\software\python3.6\lib\site-packages\tldextract\.suffix_cache/publicsuffix.org-tlds\de84b5ca2167d4c83e38fb162f2e8738.tldextract.json.lock
2022-11-24 21:34:44 [filelock] DEBUG: Attempting to acquire lock 2160386434272 on f:\software\python3.6\lib\site-packages\tldextract\.suffix_cache/urls\62bf135d1c2f3d4db4228b9ecaf507a2.tldextract.json.lock
2022-11-24 21:34:44 [filelock] DEBUG: Lock 2160386434272 acquired on f:\software\python3.6\lib\site-packages\tldextract\.suffix_cache/urls\62bf135d1c2f3d4db4228b9ecaf507a2.tldextract.json.lock
2022-11-24 21:34:44 [filelock] DEBUG: Attempting to release lock 2160386434272 on f:\software\python3.6\lib\site-packages\tldextract\.suffix_cache/urls\62bf135d1c2f3d4db4228b9ecaf507a2.tldextract.json.lock
2022-11-24 21:34:44 [filelock] DEBUG: Lock 2160386434272 released on f:\software\python3.6\lib\site-packages\tldextract\.suffix_cache/urls\62bf135d1c2f3d4db4228b9ecaf507a2.tldextract.json.lock
2022-11-24 21:34:44 [filelock] DEBUG: Attempting to release lock 2160386435112 on f:\software\python3.6\lib\site-packages\tldextract\.suffix_cache/publicsuffix.org-tlds\de84b5ca2167d4c83e38fb162f2e8738.tldextract.json.lock
2022-11-24 21:34:44 [filelock] DEBUG: Lock 2160386435112 released on f:\software\python3.6\lib\site-packages\tldextract\.suffix_cache/publicsuffix.org-tlds\de84b5ca2167d4c83e38fb162f2e8738.tldextract.json.lock
2022-11-24 21:34:44 [scrapy.core.engine] DEBUG: Crawled (200) <POST https://fanyi.baidu.com/sug> (referer: None)
2022-11-24 21:34:44 [scrapy.core.engine] INFO: Closing spider (finished)
2022-11-24 21:34:44 [scrapy.statscollectors] INFO: Dumping Scrapy stats:
{'downloader/request_bytes': 276,
 'downloader/request_count': 1,
 'downloader/request_method_count/POST': 1,
 'downloader/response_bytes': 807,
 'downloader/response_count': 1,
 'downloader/response_status_count/200': 1,
 'elapsed_time_seconds': 0.32832,
 'finish_reason': 'finished',
 'finish_time': datetime.datetime(2022, 11, 24, 13, 34, 44, 899569),
 'httpcompression/response_bytes': 667,
 'httpcompression/response_count': 1,
 'log_count/DEBUG': 10,
 'log_count/INFO': 10,
 'response_received_count': 1,
 'scheduler/dequeued': 1,
 'scheduler/dequeued/memory': 1,
 'scheduler/enqueued': 1,
 'scheduler/enqueued/memory': 1,
 'start_time': datetime.datetime(2022, 11, 24, 13, 34, 44, 571249)}
2022-11-24 21:34:44 [scrapy.core.engine] INFO: Spider closed (finished)
